*** Starting uWSGI 2.0.13.1 (64bit) on [Fri Jul  1 20:10:07 2016] ***
compiled with version: 4.8.4 on 01 July 2016 20:05:09
os: Linux-3.13.0-91-generic #138-Ubuntu SMP Fri Jun 24 17:00:34 UTC 2016
nodename: cisco
machine: x86_64
clock source: unix
detected number of CPU cores: 8
current working directory: /home/rodri/aaa/demo
detected binary path: /home/rodri/entorno4/bin/uwsgi
!!! no internal routing support, rebuild with pcre support !!!
*** WARNING: you are running uWSGI without its master process manager ***
your processes number limit is 95264
your memory page size is 4096 bytes
detected max file descriptor number: 1024
lock engine: pthread robust mutexes
thunder lock: disabled (you can enable it with --thunder-lock)
uwsgi socket 0 bound to TCP address :8001 fd 3
Python version: 2.7.6 (default, Jun 22 2015, 18:01:27)  [GCC 4.8.2]
*** Python threads support is disabled. You can enable it with --enable-threads ***
Python main interpreter initialized at 0xd32e80
your server socket listen backlog is limited to 100 connections
your mercy for graceful operations on workers is 60 seconds
mapped 72768 bytes (71 KB) for 1 cores
*** Operational MODE: single process ***
  File "wsgi.py", line 18
SyntaxError: Non-ASCII character '\xe2' in file wsgi.py on line 18, but no encoding declared; see http://www.python.org/peps/pep-0263.html for details
failed to parse file wsgi.py
unable to load app 0 (mountpoint='') (callable not found or import error)
*** no app loaded. going in full dynamic mode ***
*** uWSGI is running in multiple interpreter mode ***
spawned uWSGI worker 1 (and the only) (pid: 7565, cores: 1)
*** Starting uWSGI 2.0.13.1 (64bit) on [Fri Jul  1 20:13:08 2016] ***
compiled with version: 4.8.4 on 01 July 2016 20:05:09
os: Linux-3.13.0-91-generic #138-Ubuntu SMP Fri Jun 24 17:00:34 UTC 2016
nodename: cisco
machine: x86_64
clock source: unix
detected number of CPU cores: 8
current working directory: /home/rodri/aaa/demo
detected binary path: /home/rodri/entorno4/bin/uwsgi
!!! no internal routing support, rebuild with pcre support !!!
*** WARNING: you are running uWSGI without its master process manager ***
your processes number limit is 95264
your memory page size is 4096 bytes
detected max file descriptor number: 1024
lock engine: pthread robust mutexes
thunder lock: disabled (you can enable it with --thunder-lock)
probably another instance of uWSGI is running on the same address (:8001).
bind(): Address already in use [core/socket.c line 769]
invalid request block size: 21573 (max 4096)...skip
invalid request block size: 21573 (max 4096)...skip
invalid request block size: 21573 (max 4096)...skip
invalid request block size: 21573 (max 4096)...skip
invalid request block size: 21573 (max 4096)...skip
invalid request block size: 21573 (max 4096)...skip
invalid request block size: 21573 (max 4096)...skip
invalid request block size: 21573 (max 4096)...skip
invalid request block size: 21573 (max 4096)...skip
invalid request block size: 21573 (max 4096)...skip
invalid request block size: 21573 (max 4096)...skip
invalid request block size: 21573 (max 4096)...skip
invalid request block size: 21573 (max 4096)...skip
invalid request block size: 21573 (max 4096)...skip
invalid request block size: 21573 (max 4096)...skip
invalid request block size: 21573 (max 4096)...skip
invalid request block size: 21573 (max 4096)...skip
invalid request block size: 21573 (max 4096)...skip
invalid request block size: 21573 (max 4096)...skip
invalid request block size: 21573 (max 4096)...skip
invalid request block size: 21573 (max 4096)...skip
invalid request block size: 21573 (max 4096)...skip
invalid request block size: 21573 (max 4096)...skip
invalid request block size: 21573 (max 4096)...skip
